2025-03-10 01:57:32,396 - instagram-api - INFO - Environment loaded from: /Users/dan/playground/insta_automation_plugin/myplugin/backend/.env
2025-03-10 01:57:32,422 - asyncio - DEBUG - Using selector: KqueueSelector
2025-03-10 01:57:32,436 - instagram-api - INFO - Environment loaded from: /Users/dan/playground/insta_automation_plugin/myplugin/backend/.env
2025-03-10 01:59:34,313 - instagram-api - INFO - Processing Instagram post request
2025-03-10 01:59:34,315 - instagram-api - DEBUG - Using Instagram username: yourcoolaibro
2025-03-10 01:59:34,315 - instagram-api - DEBUG - Processing image data
2025-03-10 01:59:34,315 - instagram-api - DEBUG - Removing data URL prefix from image
2025-03-10 01:59:34,316 - instagram-api - DEBUG - Decoding base64 image
2025-03-10 01:59:34,330 - instagram-api - DEBUG - Image format: JPEG, Mode: RGB
2025-03-10 01:59:34,330 - instagram-api - DEBUG - Resizing image for Instagram
2025-03-10 01:59:34,330 - instagram-api - DEBUG - Original image dimensions: 1280x1280
2025-03-10 01:59:34,330 - instagram-api - DEBUG - Resizing image to: 1080x1080
2025-03-10 01:59:34,373 - instagram-api - DEBUG - Saving temporary image to: temp_instagram_image.jpg
2025-03-10 01:59:34,377 - instagram-api - DEBUG - Caption: Sample caption showing how a generated post would look
2025-03-10 01:59:34,377 - instagram-api - DEBUG - Hashtags: ['#demo', '#placeholder', '#ui']
2025-03-10 01:59:34,377 - instagram-api - DEBUG - Full caption length: 77 characters
2025-03-10 01:59:34,377 - instagram-api - INFO - Logging in to Instagram...
2025-03-10 01:59:34,382 - instagram_private_api.client - DEBUG - REQUEST: https://i.instagram.com/api/v1/si/fetch_headers/?challenge_type=signup&guid=369f9274fd2511ef9dae6e7bbd7b3084 POST
2025-03-10 01:59:34,382 - instagram_private_api.client - DEBUG - DATA: b''
2025-03-10 01:59:34,656 - instagram_private_api.client - DEBUG - REQUEST: https://i.instagram.com/api/v1/accounts/login/ POST
2025-03-10 01:59:34,657 - instagram_private_api.client - DEBUG - DATA: b'ig_sig_key_version=4&signed_body=d7ec4c21240660a4aecaf4231d5f1d5f45a1ae5a431e4262d361aab304b1f470.%7B%22device_id%22%3A%22android-369ee31afd2511ef%22%2C%22guid%22%3A%22369ee1da-fd25-11ef-9dae-6e7bbd7b3084%22%2C%22adid%22%3A%22b063e39c-c89b-96d8-8ab1-1bfed3e859e3%22%2C%22phone_id%22%3A%22912f3311-12e0-ae4c-5941-056d3e8fa642%22%2C%22_csrftoken%22%3A%22n2v5eIeUbCDxvtoS8DC4L3fiJiiwKG6v%22%2C%22username%22%3A%22yourcoolaibro%22%2C%22password%22%3A%22%24live4hacking%24%22%2C%22login_attempt_count%22%3A%220%22%7D'
2025-03-10 01:59:40,050 - instagram_private_api.client - DEBUG - RESPONSE: 400 {"message":"challenge_required","challenge":{"url":"https://i.instagram.com/challenge/AXGmy8zhHkIZ1M1UdyRjJs_hZ7uHtcG7M52prkrvkpYL2fgAOGEmf_aLanmEieQrKPxJnLQ/AfzppD2IFIjnE-q_gTTqahzpgzPn-aO1EPZ7kEcTpUiFVSjcwAgbvQesPnYP5cwTBv0h9ZGyDnzHJw/","api_path":"/challenge/AXGmy8zhHkIZ1M1UdyRjJs_hZ7uHtcG7M52prkrvkpYL2fgAOGEmf_aLanmEieQrKPxJnLQ/AfzppD2IFIjnE-q_gTTqahzpgzPn-aO1EPZ7kEcTpUiFVSjcwAgbvQesPnYP5cwTBv0h9ZGyDnzHJw/","hide_webview_header":true,"lock":true,"logout":false,"native_flow":true,"flow_render_type":0},"status":"fail","error_type":"checkpoint_challenge_required"}
2025-03-10 01:59:40,051 - instagram-api - ERROR - Instagram authentication error: checkpoint_challenge_required
Traceback (most recent call last):
  File "/opt/anaconda3/envs/myplugin1/lib/python3.10/site-packages/instagram_private_api/client.py", line 523, in _call_api
    response = self.opener.open(req, timeout=self.timeout)
  File "/opt/anaconda3/envs/myplugin1/lib/python3.10/urllib/request.py", line 525, in open
    response = meth(req, response)
  File "/opt/anaconda3/envs/myplugin1/lib/python3.10/urllib/request.py", line 634, in http_response
    response = self.parent.error(
  File "/opt/anaconda3/envs/myplugin1/lib/python3.10/urllib/request.py", line 563, in error
    return self._call_chain(*args)
  File "/opt/anaconda3/envs/myplugin1/lib/python3.10/urllib/request.py", line 496, in _call_chain
    result = func(*args)
  File "/opt/anaconda3/envs/myplugin1/lib/python3.10/urllib/request.py", line 643, in http_error_default
    raise HTTPError(req.full_url, code, msg, hdrs, fp)
urllib.error.HTTPError: HTTP Error 400: Bad Request

During handling of the above exception, another exception occurred:

Traceback (most recent call last):
  File "/Users/dan/playground/insta_automation_plugin/myplugin/backend/main.py", line 126, in post_to_instagram
    api = Client(username, password)
  File "/opt/anaconda3/envs/myplugin1/lib/python3.10/site-packages/instagram_private_api/client.py", line 208, in __init__
    self.login()
  File "/opt/anaconda3/envs/myplugin1/lib/python3.10/site-packages/instagram_private_api/endpoints/accounts.py", line 49, in login
    login_response = self._call_api(
  File "/opt/anaconda3/envs/myplugin1/lib/python3.10/site-packages/instagram_private_api/client.py", line 527, in _call_api
    ErrorHandler.process(e, error_response)
  File "/opt/anaconda3/envs/myplugin1/lib/python3.10/site-packages/instagram_private_api/errors.py", line 123, in process
    raise error_info['error'](
instagram_private_api.errors.ClientCheckpointRequiredError: checkpoint_challenge_required
2025-03-10 02:02:34,583 - instagram-api - INFO - Environment loaded from: /Users/dan/playground/insta_automation_plugin/myplugin/backend/.env
2025-03-10 02:02:34,585 - instagram-api - INFO - Starting Instagram Automation API server
2025-03-10 02:02:34,899 - instagram-api - INFO - Environment loaded from: /Users/dan/playground/insta_automation_plugin/myplugin/backend/.env
2025-03-10 02:02:34,919 - asyncio - DEBUG - Using selector: KqueueSelector
2025-03-10 02:02:34,930 - instagram-api - INFO - Environment loaded from: /Users/dan/playground/insta_automation_plugin/myplugin/backend/.env
2025-03-10 02:02:54,781 - instagram-api - INFO - Processing Instagram post request
2025-03-10 02:02:54,781 - instagram-api - DEBUG - Using Instagram username: yourcoolaibro
2025-03-10 02:02:54,781 - instagram-api - DEBUG - Processing image data
2025-03-10 02:02:54,781 - instagram-api - DEBUG - Removing data URL prefix from image
2025-03-10 02:02:54,782 - instagram-api - DEBUG - Decoding base64 image
2025-03-10 02:02:54,795 - instagram-api - DEBUG - Image format: JPEG, Mode: RGB
2025-03-10 02:02:54,795 - instagram-api - DEBUG - Resizing image for Instagram
2025-03-10 02:02:54,795 - instagram-api - DEBUG - Original image dimensions: 1280x1280
2025-03-10 02:02:54,795 - instagram-api - DEBUG - Resizing image to: 1080x1080
2025-03-10 02:02:54,836 - instagram-api - DEBUG - Saving temporary image to: temp_instagram_image.jpg
2025-03-10 02:02:54,840 - instagram-api - DEBUG - Caption: Sample caption showing how a generated post would look
2025-03-10 02:02:54,840 - instagram-api - DEBUG - Hashtags: ['#demo', '#placeholder', '#ui']
2025-03-10 02:02:54,840 - instagram-api - DEBUG - Full caption length: 77 characters
2025-03-10 02:02:54,840 - instagram-api - INFO - Logging in to Instagram...
2025-03-10 02:02:54,845 - instagram_private_api.client - DEBUG - REQUEST: https://i.instagram.com/api/v1/si/fetch_headers/?challenge_type=signup&guid=ae1bc87cfd2511ef877c6e7bbd7b3084 POST
2025-03-10 02:02:54,845 - instagram_private_api.client - DEBUG - DATA: b''
2025-03-10 02:02:55,112 - instagram_private_api.client - DEBUG - REQUEST: https://i.instagram.com/api/v1/accounts/login/ POST
2025-03-10 02:02:55,112 - instagram_private_api.client - DEBUG - DATA: b'ig_sig_key_version=4&signed_body=c6d63c39f71c51d3f6898d4bcc025e12deea997a0b3b01f78ffbcad7d4075ef2.%7B%22device_id%22%3A%22android-ae1b1aa8fd2511ef%22%2C%22guid%22%3A%22ae1b194a-fd25-11ef-877c-6e7bbd7b3084%22%2C%22adid%22%3A%22b063e39c-c89b-96d8-8ab1-1bfed3e859e3%22%2C%22phone_id%22%3A%227fa3d7b2-249b-7552-1806-a8df42bc8994%22%2C%22_csrftoken%22%3A%22axjyq3FuhBWza4es6wlLtyq3qCckPBLH%22%2C%22username%22%3A%22yourcoolaibro%22%2C%22password%22%3A%22%24live4hacking%24%22%2C%22login_attempt_count%22%3A%220%22%7D'
2025-03-10 02:02:57,647 - instagram_private_api.client - DEBUG - USERAGENT: Instagram 76.0.0.15.395 Android (24/7.0; 640dpi; 1440x2560; samsung; SM-G930F; herolte; samsungexynos8890; en_US; 138226743)
2025-03-10 02:02:57,648 - instagram-api - INFO - Login successful
2025-03-10 02:02:57,648 - instagram-api - INFO - Uploading photo to Instagram
2025-03-10 02:02:57,649 - instagram-api - DEBUG - Photo data size: 134562 bytes
2025-03-10 02:02:57,649 - instagram-api - INFO - Uploading image with dimensions: 1080x1080
2025-03-10 02:02:57,652 - instagram_private_api.client - DEBUG - POST https://i.instagram.com/api/v1/upload/photo/
2025-03-10 02:02:58,570 - instagram_private_api.client - DEBUG - RESPONSE: 404 <!DOCTYPE html>
<html lang="None" class="no-js not-logged-in ">
    <head>
        <meta charset="utf-8">
        <meta http-equiv="X-UA-Compatible" content="IE=edge">

        <title>
                  Page Not Found &bull; Instagram
                </title>

        
        <meta name="robots" content="noimageindex, noarchive">
        <meta name="apple-mobile-web-app-status-bar-style" content="default">
        <meta name="mobile-web-app-capable" content="yes">
        <meta name="theme-color" content="#ffffff">
        
        <meta id="viewport" name="viewport" content="width=device-width, initial-scale=1, minimum-scale=1, maximum-scale=1, viewport-fit=cover">
        <link rel="manifest" href="/data/manifest.json">

        
        
        

        <script type="text/javascript">
        (function() {
  var docElement = document.documentElement;
  var classRE = new RegExp('(^|\\s)no-js(\\s|$)');
  var className = docElement.className;
  docElement.className = className.replace(classRE, '$1js$2');
})();
</script>
        <script type="text/javascript">
(function() {
  if ('PerformanceObserver' in window && 'PerformancePaintTiming' in window) {
    window.__bufferedPerformance = [];
    var ob = new PerformanceObserver(function(e) {
      window.__bufferedPerformance.push.apply(window.__bufferedPerformance,e.getEntries());
    });
    ob.observe({entryTypes:['paint']});
  }

  window.__bufferedErrors = [];
  window.onerror = function(message, url, line, column, error) {
    window.__bufferedErrors.push({
      message: message,
      url: url,
      line: line,
      column: column,
      error: error
    });
    return false;
  };
  window.__initialData = {
    pending: true,
    waiting: []
  };
  function asyncFetchSharedData(extra) {
    var sharedDataReq = new XMLHttpRequest();
    sharedDataReq.onreadystatechange = function() {
          if (sharedDataReq.readyState === 4) {
            if(sharedDataReq.status === 200){
              var sharedData = JSON.parse(sharedDataReq.responseText);
              window.__initialDataLoaded(sharedData, extra);
            }
          }
        }
    sharedDataReq.open('GET', '/data/shared_data/', true);
    sharedDataReq.send(null);
  }
  function notifyLoaded(item, data) {
    item.pending = false;
    item.data = data;
    for (var i = 0;i < item.waiting.length; ++i) {
      item.waiting[i].resolve(item.data);
    }
    item.waiting = [];
  }
  function notifyError(item, msg) {
    item.pending = false;
    item.error = new Error(msg);
    for (var i = 0;i < item.waiting.length; ++i) {
      item.waiting[i].reject(item.error);
    }
    item.waiting = [];
  }
  window.__initialDataLoaded = function(initialData, extraData) {
    if (extraData) {
      for (var key in extraData) {
        initialData[key] = extraData[key];
      }
    }
    notifyLoaded(window.__initialData, initialData);
  };
  window.__initialDataError = function(msg) {
    notifyError(window.__initialData, msg);
  };
  window.__additionalData = {};
  window.__pendingAdditionalData = function(paths) {
    for (var i = 0;i < paths.length; ++i) {
      window.__additionalData[paths[i]] = {
        pending: true,
        waiting: []
      };
    }
  };
  window.__additionalDataLoaded = function(path, data) {
    if (path in window.__additionalData) {
      notifyLoaded(window.__additionalData[path], data);
    } else {
      console.error('Unexpected additional data loaded "' + path + '"');
    }
  };
  window.__additionalDataError = function(path, msg) {
    if (path in window.__additionalData) {
      notifyError(window.__additionalData[path], msg);
    } else {
      console.error('Unexpected additional data encountered an error "' + path + '": ' + msg);
    }
  };
  
})();
</script><script type="text/javascript">

/*
 Copyright 2018 Google Inc. All Rights Reserved.
 Licensed under the Apache License, Version 2.0 (the "License");
 you may not use this file except in compliance with the License.
 You may obtain a copy of the License at

     http://www.apache.org/licenses/LICENSE-2.0

 Unless required by applicable law or agreed to in writing, software
 distributed under the License is distributed on an "AS IS" BASIS,
 WITHOUT WARRANTIES OR CONDITIONS OF ANY KIND, either express or implied.
 See the License for the specific language governing permissions and
 limitations under the License.
*/

(function(){function g(a,c){b||(b=a,f=c,h.forEach(function(a){removeEventListener(a,l,e)}),m())}function m(){b&&f&&0<d.length&&(d.forEach(function(a){a(b,f)}),d=[])}function n(a,c){function k(){g(a,c);d()}function b(){d()}function d(){removeEventListener("pointerup",k,e);removeEventListener("pointercancel",b,e)}addEventListener("pointerup",k,e);addEventListener("pointercancel",b,e)}function l(a){if(a.cancelable){var c=performance.now(),b=a.timeStamp;b>c&&(c=+new Date);c-=b;"pointerdown"==a.type?n(c,
a):g(c,a)}}var e={passive:!0,capture:!0},h=["click","mousedown","keydown","touchstart","pointerdown"],b,f,d=[];h.forEach(function(a){addEventListener(a,l,e)});window.perfMetrics=window.perfMetrics||{};window.perfMetrics.onFirstInputDelay=function(a){d.push(a);m()}})();
</script>
                
                    <link rel="apple-touch-icon-precomposed" sizes="76x76" href="/static/images/ico/apple-touch-icon-76x76-precomposed.png/666282be8229.png">
                    <link rel="apple-touch-icon-precomposed" sizes="120x120" href="/static/images/ico/apple-touch-icon-120x120-precomposed.png/8a5bd3f267b1.png">
                    <link rel="apple-touch-icon-precomposed" sizes="152x152" href="/static/images/ico/apple-touch-icon-152x152-precomposed.png/68193576ffc5.png">
                    <link rel="apple-touch-icon-precomposed" sizes="167x167" href="/static/images/ico/apple-touch-icon-167x167-precomposed.png/4985e31c9100.png">
                    <link rel="apple-touch-icon-precomposed" sizes="180x180" href="/static/images/ico/apple-touch-icon-180x180-precomposed.png/c06fdb2357bd.png">
                
                
                    
                        <link rel="icon" sizes="192x192" href="/static/images/ico/favicon-192.png/68d99ba29cc8.png">
                    
                
            
            
                    
                        <link rel="shortcut icon" type="image/x-icon" href="/static/images/ico/favicon.ico/36b3ee2d91ed.ico">
                    
                
            
            
    
        <style type="text/css">/* @generated 
 * DO NOT CHANGE THIS FILE. Instead, modify the non-build version of "main.css"
 * then run "yolo css"
 */
body{-webkit-font-smoothing:antialiased;background-color:#fafafa;font-family:-apple-system,BlinkMacSystemFont,"Segoe UI",Roboto,Helvetica,Arial,sans-serif;margin:0}.client-root{font-size:14px}a{text-decoration:none}.-cx-PRIVATE-Page__body__,.-cx-PRIVATE-Page__main__,.-cx-PRIVATE-Page__root__{display:-webkit-box;display:-webkit-flex;display:-ms-flexbox;display:flex;-webkit-box-orient:vertical;-webkit-box-direction:normal;-webkit-flex-direction:column;-ms-flex-direction:column;flex-direction:column}.-cx-PRIVATE-Page__root__{height:100vh}.-cx-PRIVATE-Page__body__,.-cx-PRIVATE-Page__main__{-webkit-box-flex:1;-webkit-flex:1 0 auto;-ms-flex:1 0 auto;flex:1 0 auto}.-cx-PRIVATE-Page__main__{margin-top:137px;position:relative}@media screen and (max-width:990px){.-cx-PRIVATE-Page__main__{display:block;margin-top:0}}.-cx-PRIVATE-NavBar__root__{background-color:#fff;border-bottom:1px solid #efefef;height:77px;position:fixed;top:0;width:100%;z-index:100}.-cx-PRIVATE-NavBar__profilePic__{display:none}.-cx-PRIVATE-NavBar__username__{color:#00376b;display:inline!important;float:right;font-weight:400;margin-right:2px;margin-top:12px}.-cx-PRIVATE-NavBar__signIn__{display:inline-block;float:right;margin-right:2px;margin-top:12px}.-cx-PRIVATE-NavBar__signInText__{color:#00376b;font-weight:400}.-cx-PRIVATE-NavBar__logo__{background-image:url(/static/images/branding/logoWhiteoutLockup.png/3a62b1a95da3.png);background-size:100%;height:35px;left:16px;position:absolute;text-indent:-9999em;top:6px;width:176px}.-cx-PRIVATE-NavBar__logo__ a{display:block;height:100%;width:100%}@media screen and (-webkit-min-device-pixel-ratio:1.5),screen and (min-resolution:1.5dppx){.-cx-PRIVATE-NavBar__logo__{background-image:url(/static/images/branding/logoWhiteoutLockup@2x.png/43608c988939.png)}}.-cx-PRIVATE-NavBar__logoGroup__{left:16px;position:absolute;top:6px}.-cx-PRIVATE-NavBar__logoGroup__ .-cx-PRIVATE-NavBar__logo__{position:static}.-cx-PRIVATE-NavBar__wrapper__{margin:0 auto;max-width:1026px;padding:0 16px;position:relative}.-cx-PRIVATE-NavBar__topBarActions__,.-cx-PRIVATE-SidebarLayout__content__ li{list-style:none}.-cx-PRIVATE-NavBar__dropdown__,.-cx-PRIVATE-NavBar__topBarLeft__,.-cx-PRIVATE-SidebarLayout__content__ .separator,.-cx-PRIVATE-SidebarLayout__content__ .subtitle{display:none}.-cx-PRIVATE-SidebarLayout__content__{border-right:1px solid #efefef;height:100%;width:220px}.-cx-PRIVATE-SidebarLayout__content__ ul{margin:0;padding:0}@media screen and (max-width:990px){.-cx-PRIVATE-SidebarLayout__content__{margin:0 px;border:0;width:100%}.-cx-PRIVATE-SidebarLayout__content__ ul{display:none}}.-cx-PRIVATE-SidebarLayout__root__{-webkit-box-sizing:border-box;box-sizing:border-box;height:100%;pointer-events:none;position:absolute;width:100%;z-index:1}@media screen and (max-width:990px){.-cx-PRIVATE-SidebarLayout__root__{height:auto;padding-bottom:0;padding-top:78px;position:static}}.-cx-PRIVATE-SidebarLayout__contentWrapper__,.-cx-PRIVATE-SidebarLayout__navWrapper__{-webkit-box-flex:1;-webkit-flex:1 0 auto;-ms-flex:1 0 auto;flex:1 0 auto;margin:0 auto;position:relative;width:992px}@media screen and (min-width:991px){.-cx-PRIVATE-SidebarLayout__navWrapper__{height:100%}}@media screen and (max-width:990px){.-cx-PRIVATE-SidebarLayout__navWrapper__{-webkit-box-sizing:border-box;box-sizing:border-box;display:inline-block;height:auto;min-height:0;padding:0;width:100%}}.-cx-PRIVATE-SidebarLayout__nav__{float:left;height:100%;padding-right:0;pointer-events:initial;width:256px}@media screen and (max-width:990px){.-cx-PRIVATE-SidebarLayout__nav__{float:none;display:block;margin:0!important;background:0 0;border:0;width:100%}}.-cx-PRIVATE-SidebarLayout__contentWrapper__{background-color:#fff;border:1px solid #efefef;-webkit-box-sizing:border-box;box-sizing:border-box;padding:0 16px 20px}@media screen and (min-width:991px){.-cx-PRIVATE-SidebarLayout__contentWrapper__{border:1px solid #efefef;border-radius:3px}}@media screen and (max-width:990px){.-cx-PRIVATE-SidebarLayout__contentWrapper__{width:100%;-webkit-box-sizing:border-box;box-sizing:border-box}.-cx-PRIVATE-SidebarLayout__pageContent__ .-cx-PRIVATE-SidebarLayout__contentWrapper__{padding:0 10px}}.-cx-PRIVATE-SidebarLayout__pageContent__{color:#262626;margin-left:205px;padding:30px 50px}@media screen and (max-width:990px){.-cx-PRIVATE-SidebarLayout__pageContent__{margin-left:0;margin-right:0;padding:20px 0}}.-cx-PRIVATE-SidebarLayout__pageContent__>:first-child{margin-top:0}.-cx-PRIVATE-SidebarLayout__pageContent__ a{color:#00376b}.-cx-PRIVATE-SidebarLayout__pageContent__ h1{font-size:32px;font-weight:400;margin-bottom:20px;margin-top:28px}.-cx-PRIVATE-SidebarLayout__pageContent__ h2{font-size:24px;font-weight:400;margin-bottom:12px;margin-top:28px}.-cx-PRIVATE-SidebarLayout__pageContent__ h3{font-weight:600;margin-bottom:12px;margin-top:28px}.-cx-PRIVATE-SidebarLayout__pageContent__ li{padding-left:8px}.-cx-PRIVATE-SidebarLayout__pageContent__ li:not(:first-child){margin-top:8px}.-cx-PRIVATE-SidebarLayout__pageContent__ pre{white-space:pre-wrap}.-cx-PRIVATE-Navigation__header__{color:#8e8e8e;font-size:16px;font-weight:initial;margin:0;padding:16px;text-transform:uppercase}@media screen and (max-width:990px){.-cx-PRIVATE-Navigation__header__:first-child{display:block}.-cx-PRIVATE-Navigation__header__:not(:first-child){display:none}.-cx-PRIVATE-Navigation__header__ i{float:left;width:22px;height:18px;margin-right:8px;margin-left:10px;background:url(/static/images/glyphs/disclosure-down@2x.png/9ae8409fbb3a.png) no-repeat center;background-size:14px 14px}.-cx-PRIVATE-SidebarLayout__content__.active .-cx-PRIVATE-Navigation__header__ i{-webkit-transform:rotate(180deg);transform:rotate(180deg)}}.-cx-PRIVATE-Navigation__navLink__,.-cx-PRIVATE-Navigation__navLink__:active,.-cx-PRIVATE-Navigation__navLink__:hover,.-cx-PRIVATE-Navigation__navLink__:visited{border-left:2px solid transparent;-webkit-box-sizing:border-box;box-sizing:border-box;color:#262626;font-size:16px;display:block;padding:16px 16px 16px 30px;width:100%}.-cx-PRIVATE-Navigation__navLink__:hover{border-left-color:#dbdbdb}.-cx-PRIVATE-Navigation__active__ .-cx-PRIVATE-Navigation__navLink__{border-left-color:#262626;font-weight:600}.-cx-PRIVATE-Footer__root__{font-size:12px;height:77px}.-cx-PRIVATE-Footer__copyright__{color:#262626;display:inline-block;float:right;font-weight:600;margin-top:20px;text-transform:uppercase}.-cx-PRIVATE-Footer__nav__{display:inline-block}@media screen and (max-width:990px){.-cx-PRIVATE-Footer__copyright__{text-align:center;width:100%}}.-cx-PRIVATE-Footer__navItems__{margin:20px 0;padding:0;text-align:center}.-cx-PRIVATE-Footer__navItems__ li{display:inline-block;list-style:none}.-cx-PRIVATE-Footer__navItems__ li:not(:first-child){margin-left:15px}.-cx-PRIVATE-Footer__navItems__ a,.-cx-PRIVATE-Footer__navItems__ a:active,.-cx-PRIVATE-Footer__navItems__ a:focus,.-cx-PRIVATE-Footer__navItems__ a:hover,.-cx-PRIVATE-Footer__navItems__ a:visited{color:#00376b;font-weight:600;text-transform:uppercase}.-cx-PRIVATE-Footer__wrapper__{margin-left:auto;margin-right:auto;max-width:1026px;padding:0 20px}.-cx-PRIVATE-ErrorPage__errorContainer__{text-align:center}@media (max-width:990px){.-cx-PRIVATE-ErrorPage__errorContainer__{padding:100px 40px 0}}.-cx-PRIVATE-ErrorPage__errorContainer__ a,.-cx-PRIVATE-ErrorPage__errorContainer__ a:visited{color:#00376b}.-cx-PRIVATE-Linkshim__followLink__{background-color:#fff;color:#0095f6;border:1px solid #0095f6;border-radius:3px;display:inline-block;-webkit-box-sizing:border-box;box-sizing:border-box;text-align:center;padding:8px;font:inherit;font-weight:700;width:90%}@media (min-width:736px){.-cx-PRIVATE-Linkshim__followLink__{width:10%}}.-cx-PRIVATE-Linkshim__followLink__:active{opacity:.5}.-cx-PRIVATE-Linkshim__followLink__:focus{color:#0074cc;border:1px solid #0074cc}@media (min-width:736px){.-cx-PRIVATE-Linkshim__goBack__{width:6%}}.-cx-PRIVATE-Linkshim__goBack__:active{opacity:.5}.-cx-PRIVATE-Linkshim__goBack__:focus{border:1px solid #0074cc}.-cx-PRIVATE-GatedContentPage__userAvatarContainer__{height:70px;text-align:center}.-cx-PRIVATE-GatedContentPage__userAvatar__{border-radius:50%;height:100%;width:auto}</style>
    

            
    <script type="text/javascript" src="/static/scripts/jquery.js/a4e77326039e.js" crossorigin="anonymous"></script>
    <script type="text/javascript" src="/static/scripts/bluebar.js/203583927eba.js" crossorigin="anonymous"></script>
</head>
    <body class=" p-error dialog-404" style="">
        
            <div class="root -cx-PRIVATE-Page__root -cx-PRIVATE-Page__root__">
                
                    <div class="page -cx-PRIVATE-Page__body -cx-PRIVATE-Page__body__">
                        
                            
                                <header class="top-bar top-bar-new -cx-PRIVATE-NavBar__root -cx-PRIVATE-NavBar__root__">
    <div class="top-bar-wrapper -cx-PRIVATE-NavBar__wrapper -cx-PRIVATE-NavBar__wrapper__">
        <div class="logo -cx-PRIVATE-NavBar__logo -cx-PRIVATE-NavBar__logo__"><a href="/">Instagram</a></div>

        <div class="top-bar-left -cx-PRIVATE-NavBar__topBarLeft -cx-PRIVATE-NavBar__topBarLeft__">
            <ul class="top-bar-actions">
                <li>
                    <a class="top-bar-home" href="/" label=Home><i></i></a>
                </li>
            </ul>
        </div>

        
            <div class="top-bar-right account-state" id="top_bar_right">
                <ul class="top-bar-actions -cx-PRIVATE-NavBar__topBarActions -cx-PRIVATE-NavBar__topBarActions__">
                    
                    
                      
                      <li id="link_profile" class="link-signin -cx-PRIVATE-NavBar__signIn -cx-PRIVATE-NavBar__signIn__">
                          <a href="/accounts/login/" class="loginLink">
                              <i></i>
                              <strong class="-cx-PRIVATE-NavBar__signInText -cx-PRIVATE-NavBar__signInText__">Log in</strong>
                          </a>
                      </li>
                      
                    
                </ul>
            </div>
        
    </div>
</header> <!-- .top-bar -->
                            
                        

                        
                        <div class="main -cx-PRIVATE-Page__main -cx-PRIVATE-Page__main__">
                            
    <div class="error-container -cx-PRIVATE-ErrorPage__errorContainer -cx-PRIVATE-ErrorPage__errorContainer__">
    

    <h2>Sorry, this page isn&#39;t available.</h2>

    <p>
        The link you followed may be broken, or the page may have been removed.
        <a href="/">Go back to Instagram.</a>
    </p>



    </div>

                        </div> <!-- .main -->
                        

                    </div> <!-- .page -->

                    
                    <footer class="page-footer -cx-PRIVATE-Footer__root -cx-PRIVATE-Footer__root__" role="contentinfo">
                        <div class="wrapper -cx-PRIVATE-Footer__wrapper -cx-PRIVATE-Footer__wrapper__">
                            <nav class="-cx-PRIVATE-Footer__nav -cx-PRIVATE-Footer__nav__">
                                <ul class="-cx-PRIVATE-Footer__navItems -cx-PRIVATE-Footer__navItems__">
                                    <li><a href="/about/us/">About us</a></li>
                                    <li><a href="https://help.instagram.com/">Support</a></li>
                                    <li><a href="https://about.instagram.com/blog/">Press</a></li>
                                    <li><a href="">API</a></li>
                                    <li><a href="https://about.instagram.com/about-us/careers">Jobs</a></li>
                                    <li><a href="/legal/privacy/">Privacy</a></li>
                                    <li><a href="/legal/terms/">
                                      
                                          Terms
                                      
                                    </a></li>
                                    
                                </ul>
                            </nav>

                            <p class="copyright -cx-PRIVATE-Footer__copyright -cx-PRIVATE-Footer__copyright__">&copy; 2025 Instagram</p>
                        </div>
                    </footer>
                    
                
                <div id="reactModalMountPoint"></div>
            </div> <!-- .root -->
        
        


        
            

            
        

        <script type="text/javascript">
(function(){
  function normalizeError(err) {
    var errorInfo = err.error || {};
    var getConfigProp = function(propName, defaultValueIfNotTruthy) {
      var propValue = window._sharedData && window._sharedData[propName];
      return propValue ? propValue : defaultValueIfNotTruthy;
    };
    var windowUrl = window.location.href;
    var errUrl = err.url || windowUrl;
    return {
      line: err.line || errorInfo.message || 0,
      column: err.column || 0,
      name: 'InitError',
      message: err.message || errorInfo.message || '',
      script: errorInfo.script || '',
      stack: errorInfo.stackTrace || errorInfo.stack || '',
      timestamp: Date.now(),
      ref: windowUrl.indexOf('direct') >= 0 ? 'direct' : windowUrl,
      deployment_stage: getConfigProp('deployment_stage', ''),
      frontend_env: getConfigProp('frontend_env', 'prod'),
      rollout_hash: getConfigProp('rollout_hash', ''),
      is_prerelease: window.__PRERELEASE__ || false,
      bundle_variant: getConfigProp('bundle_variant', null),
      request_url: errUrl.indexOf('direct') >= 0 ? 'direct' : errUrl,
      response_status_code: errorInfo.statusCode || 0
    }
  }
  window.addEventListener('load', function(){
    if (window.__bufferedErrors && window.__bufferedErrors.length) {
      if (window.caches && window.caches.keys && window.caches.delete) {
        window.caches.keys().then(function(keys) {
          keys.forEach(function(key) {
            window.caches.delete(key)
          })
        })
      }
      window.__bufferedErrors.map(function(error) {
        return normalizeError(error)
      }).forEach(function(normalizedError) {
        var request = new XMLHttpRequest();
        request.open('POST', '/client_error/', true);
        request.setRequestHeader('Content-Type', 'application/json; charset=utf-8');
        request.send(JSON.stringify(normalizedError));
      })
    }
  })
}());
</script>
    </body>
</html>

2025-03-10 02:02:58,571 - instagram_private_api.errors - WARNING - Error parsing error response: Expecting value: line 1 column 1 (char 0)
2025-03-10 02:02:58,571 - instagram-api - ERROR - Instagram API error: Not Found
Traceback (most recent call last):
  File "/opt/anaconda3/envs/myplugin1/lib/python3.10/site-packages/instagram_private_api/endpoints/upload.py", line 446, in post_photo
    response = self.opener.open(req, timeout=self.timeout)
  File "/opt/anaconda3/envs/myplugin1/lib/python3.10/urllib/request.py", line 525, in open
    response = meth(req, response)
  File "/opt/anaconda3/envs/myplugin1/lib/python3.10/urllib/request.py", line 634, in http_response
    response = self.parent.error(
  File "/opt/anaconda3/envs/myplugin1/lib/python3.10/urllib/request.py", line 563, in error
    return self._call_chain(*args)
  File "/opt/anaconda3/envs/myplugin1/lib/python3.10/urllib/request.py", line 496, in _call_chain
    result = func(*args)
  File "/opt/anaconda3/envs/myplugin1/lib/python3.10/urllib/request.py", line 643, in http_error_default
    raise HTTPError(req.full_url, code, msg, hdrs, fp)
urllib.error.HTTPError: HTTP Error 404: Not Found

During handling of the above exception, another exception occurred:

Traceback (most recent call last):
  File "/Users/dan/playground/insta_automation_plugin/myplugin/backend/main.py", line 144, in post_to_instagram
    result = api.post_photo(
  File "/opt/anaconda3/envs/myplugin1/lib/python3.10/site-packages/instagram_private_api/endpoints/upload.py", line 450, in post_photo
    ErrorHandler.process(e, error_response)
  File "/opt/anaconda3/envs/myplugin1/lib/python3.10/site-packages/instagram_private_api/errors.py", line 135, in process
    raise ClientError(error_msg, http_error.code, error_response)
instagram_private_api.errors.ClientError: Not Found
2025-03-10 02:02:58,575 - instagram-api - DEBUG - Removing temporary file: temp_instagram_image.jpg
2025-03-10 02:06:21,677 - instagram-api - INFO - Environment loaded from: /Users/dan/playground/insta_automation_plugin/myplugin/backend/.env
2025-03-10 02:06:21,714 - instagram-api - INFO - Environment loaded from: /Users/dan/playground/insta_automation_plugin/myplugin/backend/.env
2025-03-10 02:06:23,544 - instagram-api - INFO - Environment loaded from: /Users/dan/playground/insta_automation_plugin/myplugin/backend/.env
2025-03-10 02:06:23,571 - instagram-api - INFO - Environment loaded from: /Users/dan/playground/insta_automation_plugin/myplugin/backend/.env
2025-03-10 02:06:36,250 - instagram-api - INFO - Environment loaded from: /Users/dan/playground/insta_automation_plugin/myplugin/backend/.env
2025-03-10 02:06:36,289 - instagram-api - INFO - Environment loaded from: /Users/dan/playground/insta_automation_plugin/myplugin/backend/.env
2025-03-10 02:06:39,937 - instagram-api - INFO - Environment loaded from: /Users/dan/playground/insta_automation_plugin/myplugin/backend/.env
2025-03-10 02:06:39,963 - instagram-api - INFO - Environment loaded from: /Users/dan/playground/insta_automation_plugin/myplugin/backend/.env
2025-03-10 02:06:53,464 - instagram-api - INFO - Processing Instagram post request
2025-03-10 02:09:19,711 - instagram-api - INFO - Logging in to Instagram...
2025-03-10 02:09:27,017 - instagram-api - INFO - Login successful
2025-03-10 02:09:31,685 - instagram-api - INFO - Uploading photo to Instagram
2025-03-10 02:09:45,764 - instagram-api - INFO - Uploading image with dimensions: 1080x1080
2025-03-10 02:10:13,310 - instagram_private_api.errors - WARNING - Error parsing error response: Expecting value: line 1 column 1 (char 0)
2025-03-10 02:12:44,023 - instagram-api - ERROR - Instagram API error: Not Found
Traceback (most recent call last):
  File "/opt/anaconda3/envs/myplugin1/lib/python3.10/site-packages/instagram_private_api/endpoints/upload.py", line 446, in post_photo
    response = self.opener.open(req, timeout=self.timeout)
  File "/opt/anaconda3/envs/myplugin1/lib/python3.10/urllib/request.py", line 525, in open
    response = meth(req, response)
  File "/opt/anaconda3/envs/myplugin1/lib/python3.10/urllib/request.py", line 634, in http_response
    response = self.parent.error(
  File "/opt/anaconda3/envs/myplugin1/lib/python3.10/urllib/request.py", line 563, in error
    return self._call_chain(*args)
  File "/opt/anaconda3/envs/myplugin1/lib/python3.10/urllib/request.py", line 496, in _call_chain
    result = func(*args)
  File "/opt/anaconda3/envs/myplugin1/lib/python3.10/urllib/request.py", line 643, in http_error_default
    raise HTTPError(req.full_url, code, msg, hdrs, fp)
urllib.error.HTTPError: HTTP Error 404: Not Found

During handling of the above exception, another exception occurred:

Traceback (most recent call last):
  File "/Users/dan/playground/insta_automation_plugin/myplugin/backend/main.py", line 144, in post_to_instagram
    result = api.post_photo(
  File "/opt/anaconda3/envs/myplugin1/lib/python3.10/site-packages/instagram_private_api/endpoints/upload.py", line 450, in post_photo
    ErrorHandler.process(e, error_response)
  File "/opt/anaconda3/envs/myplugin1/lib/python3.10/site-packages/instagram_private_api/errors.py", line 135, in process
    raise ClientError(error_msg, http_error.code, error_response)
instagram_private_api.errors.ClientError: Not Found
2025-03-10 02:29:49,522 - instagram-api - ERROR - Unexpected error: 
Traceback (most recent call last):
  File "/opt/anaconda3/envs/myplugin1/lib/python3.10/site-packages/instagram_private_api/endpoints/upload.py", line 446, in post_photo
    response = self.opener.open(req, timeout=self.timeout)
  File "/opt/anaconda3/envs/myplugin1/lib/python3.10/urllib/request.py", line 525, in open
    response = meth(req, response)
  File "/opt/anaconda3/envs/myplugin1/lib/python3.10/urllib/request.py", line 634, in http_response
    response = self.parent.error(
  File "/opt/anaconda3/envs/myplugin1/lib/python3.10/urllib/request.py", line 563, in error
    return self._call_chain(*args)
  File "/opt/anaconda3/envs/myplugin1/lib/python3.10/urllib/request.py", line 496, in _call_chain
    result = func(*args)
  File "/opt/anaconda3/envs/myplugin1/lib/python3.10/urllib/request.py", line 643, in http_error_default
    raise HTTPError(req.full_url, code, msg, hdrs, fp)
urllib.error.HTTPError: HTTP Error 404: Not Found

During handling of the above exception, another exception occurred:

Traceback (most recent call last):
  File "/Users/dan/playground/insta_automation_plugin/myplugin/backend/main.py", line 144, in post_to_instagram
    result = api.post_photo(
  File "/opt/anaconda3/envs/myplugin1/lib/python3.10/site-packages/instagram_private_api/endpoints/upload.py", line 450, in post_photo
    ErrorHandler.process(e, error_response)
  File "/opt/anaconda3/envs/myplugin1/lib/python3.10/site-packages/instagram_private_api/errors.py", line 135, in process
    raise ClientError(error_msg, http_error.code, error_response)
instagram_private_api.errors.ClientError: Not Found

During handling of the above exception, another exception occurred:

Traceback (most recent call last):
  File "/Users/dan/playground/insta_automation_plugin/myplugin/backend/main.py", line 151, in post_to_instagram
    response.status_code = status.HTTP_502_BAD_GATEWAY
  File "/Users/dan/playground/insta_automation_plugin/myplugin/backend/main.py", line 151, in post_to_instagram
    response.status_code = status.HTTP_502_BAD_GATEWAY
  File "/opt/anaconda3/envs/myplugin1/lib/python3.10/bdb.py", line 90, in trace_dispatch
    return self.dispatch_line(frame)
  File "/opt/anaconda3/envs/myplugin1/lib/python3.10/bdb.py", line 115, in dispatch_line
    if self.quitting: raise BdbQuit
bdb.BdbQuit
2025-03-10 02:38:27,682 - instagram-api - INFO - Environment loaded from: /Users/dan/playground/insta_automation_plugin/myplugin/backend/.env
2025-03-10 02:38:27,686 - instagram-api - INFO - Starting Instagram Automation API server
2025-03-10 02:38:28,144 - instagram-api - INFO - Environment loaded from: /Users/dan/playground/insta_automation_plugin/myplugin/backend/.env
2025-03-10 02:38:28,172 - instagram-api - INFO - Environment loaded from: /Users/dan/playground/insta_automation_plugin/myplugin/backend/.env
2025-03-10 02:39:12,591 - instagram-api - INFO - Processing Instagram post request
2025-03-10 02:39:12,660 - instagram-api - INFO - Creating new Instagram session
2025-03-10 02:39:12,660 - instagrapi - INFO - https://i.instagram.com/api/v1/launcher/sync/
2025-03-10 02:39:13,032 - private_request - INFO - yourcoolaibro [200] POST https://i.instagram.com/api/v1/launcher/sync/ (269.0.0.18.75, OnePlus 6T Dev)
2025-03-10 02:39:14,337 - instagrapi - INFO - https://i.instagram.com/api/v1/accounts/login/
2025-03-10 02:39:16,899 - private_request - INFO - yourcoolaibro [200] POST https://i.instagram.com/api/v1/accounts/login/ (269.0.0.18.75, OnePlus 6T Dev)
2025-03-10 02:39:17,904 - instagrapi - INFO - https://i.instagram.com/api/v1/feed/reels_tray/
2025-03-10 02:39:18,439 - private_request - INFO - yourcoolaibro [200] POST https://i.instagram.com/api/v1/feed/reels_tray/ (269.0.0.18.75, OnePlus 6T Dev)
2025-03-10 02:39:19,445 - instagrapi - INFO - https://i.instagram.com/api/v1/feed/timeline/
2025-03-10 02:39:21,382 - private_request - INFO - yourcoolaibro [200] POST https://i.instagram.com/api/v1/feed/timeline/ (269.0.0.18.75, OnePlus 6T Dev)
2025-03-10 02:39:21,388 - instagram-api - INFO - Uploading photo to Instagram
2025-03-10 02:39:23,555 - private_request - INFO - yourcoolaibro [200] POST https://i.instagram.com/rupload_igphoto/1741554561388_0_6647530565 (269.0.0.18.75, OnePlus 6T Dev)
2025-03-10 02:39:27,567 - instagrapi - INFO - https://i.instagram.com/api/v1/media/configure/
2025-03-10 02:39:32,366 - private_request - INFO - yourcoolaibro [200] POST https://i.instagram.com/api/v1/media/configure/ (269.0.0.18.75, OnePlus 6T Dev)
2025-03-10 02:39:33,372 - instagrapi - INFO - https://i.instagram.com/api/v1/qe/expose/
2025-03-10 02:39:34,074 - private_request - INFO - yourcoolaibro [200] POST https://i.instagram.com/api/v1/qe/expose/ (269.0.0.18.75, OnePlus 6T Dev)
2025-03-10 02:39:34,076 - instagram-api - INFO - Photo uploaded successfully with media ID: 3584741991508859883_70949476298
2025-03-10 02:39:34,077 - instagram-api - INFO - Instagram post completed successfully
2025-03-10 02:43:30,592 - instagram-api - INFO - Processing Instagram post request
2025-03-10 02:43:31,629 - instagrapi - INFO - https://i.instagram.com/api/v1/feed/timeline/
2025-03-10 02:43:33,126 - private_request - INFO - yourcoolaibro [200] POST https://i.instagram.com/api/v1/feed/timeline/ (269.0.0.18.75, OnePlus 6T Dev)
2025-03-10 02:43:33,128 - instagram-api - INFO - Uploading photo to Instagram
2025-03-10 02:43:34,987 - private_request - INFO - yourcoolaibro [200] POST https://i.instagram.com/rupload_igphoto/1741554813128_0_6934673976 (269.0.0.18.75, OnePlus 6T Dev)
2025-03-10 02:43:38,995 - instagrapi - INFO - https://i.instagram.com/api/v1/media/configure/
2025-03-10 02:43:42,267 - private_request - INFO - yourcoolaibro [200] POST https://i.instagram.com/api/v1/media/configure/ (269.0.0.18.75, OnePlus 6T Dev)
2025-03-10 02:43:43,270 - instagrapi - INFO - https://i.instagram.com/api/v1/qe/expose/
2025-03-10 02:43:43,937 - private_request - INFO - yourcoolaibro [200] POST https://i.instagram.com/api/v1/qe/expose/ (269.0.0.18.75, OnePlus 6T Dev)
2025-03-10 02:43:43,938 - instagram-api - INFO - Photo uploaded successfully with media ID: 3584744100908185868_70949476298
2025-03-10 02:43:43,939 - instagram-api - INFO - Instagram post completed successfully
2025-03-10 02:43:43,947 - instagram-api - INFO - Processing Instagram post request
2025-03-10 02:43:44,980 - instagrapi - INFO - https://i.instagram.com/api/v1/feed/timeline/
2025-03-10 02:43:46,515 - private_request - INFO - yourcoolaibro [200] POST https://i.instagram.com/api/v1/feed/timeline/ (269.0.0.18.75, OnePlus 6T Dev)
2025-03-10 02:43:46,518 - instagram-api - INFO - Uploading photo to Instagram
2025-03-10 02:43:48,356 - private_request - INFO - yourcoolaibro [200] POST https://i.instagram.com/rupload_igphoto/1741554826518_0_9045120645 (269.0.0.18.75, OnePlus 6T Dev)
2025-03-10 02:43:52,366 - instagrapi - INFO - https://i.instagram.com/api/v1/media/configure/
2025-03-10 02:43:56,050 - private_request - INFO - yourcoolaibro [200] POST https://i.instagram.com/api/v1/media/configure/ (269.0.0.18.75, OnePlus 6T Dev)
2025-03-10 02:43:57,057 - instagrapi - INFO - https://i.instagram.com/api/v1/qe/expose/
2025-03-10 02:43:57,621 - private_request - INFO - yourcoolaibro [200] POST https://i.instagram.com/api/v1/qe/expose/ (269.0.0.18.75, OnePlus 6T Dev)
2025-03-10 02:43:57,623 - instagram-api - INFO - Photo uploaded successfully with media ID: 3584744213122427313_70949476298
2025-03-10 02:43:57,624 - instagram-api - INFO - Instagram post completed successfully
2025-03-10 02:43:57,630 - instagram-api - INFO - Processing Instagram post request
2025-03-10 02:43:58,664 - instagrapi - INFO - https://i.instagram.com/api/v1/feed/timeline/
2025-03-10 02:44:00,354 - private_request - INFO - yourcoolaibro [200] POST https://i.instagram.com/api/v1/feed/timeline/ (269.0.0.18.75, OnePlus 6T Dev)
2025-03-10 02:44:00,356 - instagram-api - INFO - Uploading photo to Instagram
2025-03-10 02:44:02,031 - private_request - INFO - yourcoolaibro [200] POST https://i.instagram.com/rupload_igphoto/1741554840356_0_6678344540 (269.0.0.18.75, OnePlus 6T Dev)
2025-03-10 02:44:06,042 - instagrapi - INFO - https://i.instagram.com/api/v1/media/configure/
2025-03-10 02:44:09,553 - private_request - INFO - yourcoolaibro [200] POST https://i.instagram.com/api/v1/media/configure/ (269.0.0.18.75, OnePlus 6T Dev)
2025-03-10 02:44:10,558 - instagrapi - INFO - https://i.instagram.com/api/v1/qe/expose/
2025-03-10 02:44:11,229 - private_request - INFO - yourcoolaibro [200] POST https://i.instagram.com/api/v1/qe/expose/ (269.0.0.18.75, OnePlus 6T Dev)
2025-03-10 02:44:11,230 - instagram-api - INFO - Photo uploaded successfully with media ID: 3584744329162242065_70949476298
2025-03-10 02:44:11,231 - instagram-api - INFO - Instagram post completed successfully
2025-03-12 19:13:03,958 - instagram-api - INFO - Environment loaded from: /Users/dan/playground/insta_automation_plugin/myplugin/backend/.env
2025-03-12 19:13:03,961 - instagram-api - INFO - Starting Instagram Automation API server
2025-03-12 19:13:04,424 - instagram-api - INFO - Environment loaded from: /Users/dan/playground/insta_automation_plugin/myplugin/backend/.env
2025-03-12 19:13:04,451 - instagram-api - INFO - Environment loaded from: /Users/dan/playground/insta_automation_plugin/myplugin/backend/.env
2025-03-12 21:05:25,808 - instagram-api - INFO - Environment loaded from: /Users/dan/playground/insta_automation_plugin/myplugin/backend/.env
2025-03-12 21:05:25,841 - instagram-api - INFO - Environment loaded from: /Users/dan/playground/insta_automation_plugin/myplugin/backend/.env
2025-03-12 21:05:27,692 - instagram-api - INFO - Environment loaded from: /Users/dan/playground/insta_automation_plugin/myplugin/backend/.env
2025-03-12 21:05:27,717 - instagram-api - INFO - Environment loaded from: /Users/dan/playground/insta_automation_plugin/myplugin/backend/.env
2025-03-12 21:05:45,396 - instagram-api - INFO - Environment loaded from: /Users/dan/playground/insta_automation_plugin/myplugin/backend/.env
2025-03-12 21:05:45,398 - instagram-api - INFO - Starting Instagram Automation API server
2025-03-12 21:05:45,816 - instagram-api - INFO - Environment loaded from: /Users/dan/playground/insta_automation_plugin/myplugin/backend/.env
2025-03-12 21:05:45,839 - instagram-api - INFO - Environment loaded from: /Users/dan/playground/insta_automation_plugin/myplugin/backend/.env
2025-03-12 21:06:04,586 - instagram-api - INFO - Processing Instagram post request
2025-03-12 21:06:04,648 - instagram-api - INFO - Loading session from yourcoolaibro_session.json
2025-03-12 21:06:04,649 - instagram-api - INFO - Uploading photo to Instagram
2025-03-12 21:06:06,925 - private_request - INFO - yourcoolaibro [200] POST https://i.instagram.com/rupload_igphoto/1741793764649_0_6584706056 (269.0.0.18.75, OnePlus 6T Dev)
2025-03-12 21:06:10,930 - instagrapi - INFO - https://i.instagram.com/api/v1/media/configure/
2025-03-12 21:06:16,657 - private_request - INFO - yourcoolaibro [200] POST https://i.instagram.com/api/v1/media/configure/ (269.0.0.18.75, OnePlus 6T Dev)
2025-03-12 21:06:17,663 - instagrapi - INFO - https://i.instagram.com/api/v1/qe/expose/
2025-03-12 21:06:17,918 - private_request - INFO - yourcoolaibro [200] POST https://i.instagram.com/api/v1/qe/expose/ (269.0.0.18.75, OnePlus 6T Dev)
2025-03-12 21:06:17,923 - instagram-api - INFO - Photo uploaded successfully with media ID: 3586748580159255047_70949476298
2025-03-12 21:06:17,924 - instagram-api - INFO - Instagram post completed successfully
